<?xml version="1.0" encoding="UTF-8"?>
<!-- Generated by org.testng.reporters.JUnitXMLReporter -->
<testsuite hostname="Monica-PC" ignored="0" name="bookingTicket " tests="3" failures="0" timestamp="11 Jun 2019 14:09:50 GMT" time="170.727" errors="0">
  <testcase name="feature" time="81.668" classname="cucumber.api.testng.AbstractTestNGCucumberTests"/>
  <testcase name="feature" time="30.408" classname="cucumber.api.testng.AbstractTestNGCucumberTests"/>
  <testcase name="feature" time="56.582" classname="cucumber.api.testng.AbstractTestNGCucumberTests"/>
</testsuite> <!-- bookingTicket  -->
