<?xml version="1.0" encoding="UTF-8"?>
<!-- Generated by org.testng.reporters.JUnitXMLReporter -->
<testsuite hostname="Monica-PC" ignored="0" name="spicejet" tests="3" failures="0" timestamp="11 Jun 2019 14:21:10 GMT" time="240.567" errors="0">
  <testcase name="feature" time="150.016" classname="cucumber.api.testng.AbstractTestNGCucumberTests"/>
  <testcase name="feature" time="38.799" classname="cucumber.api.testng.AbstractTestNGCucumberTests"/>
  <testcase name="feature" time="48.18" classname="cucumber.api.testng.AbstractTestNGCucumberTests"/>
</testsuite> <!-- spicejet -->
